{"timestamp":"2026-07-04T18:42:02.407Z","level":"info","message":"GET /health 200 14ms","data":{"method":"GET","path":"/health","status":200,"duration":14,"ip":"::1"}}
{"timestamp":"2026-07-04T18:42:02.451Z","level":"info","message":"GET /metrics 200 5ms","data":{"method":"GET","path":"/metrics","status":200,"duration":5,"ip":"::1"}}
{"timestamp":"2026-07-04T18:42:35.555Z","level":"info","message":"GET /api/dashboard 200 13ms","data":{"method":"GET","path":"/api/dashboard","status":200,"duration":13,"ip":"::1"}}
{"timestamp":"2026-07-04T18:42:35.644Z","level":"info","message":"POST / 200 4ms","data":{"method":"POST","path":"/","status":200,"duration":4,"ip":"::1"}}
{"timestamp":"2026-07-04T18:42:35.710Z","level":"info","message":"POST /generate-daily 200 6ms","data":{"method":"POST","path":"/generate-daily","status":200,"duration":6,"ip":"::1"}}
{"timestamp":"2026-07-04T18:42:35.783Z","level":"info","message":"POST /send 200 13ms","data":{"method":"POST","path":"/send","status":200,"duration":13,"ip":"::1"}}
{"timestamp":"2026-07-04T18:42:35.819Z","level":"info","message":"GET /neural/matrix 200 4ms","data":{"method":"GET","path":"/neural/matrix","status":200,"duration":4,"ip":"::1"}}
{"timestamp":"2026-07-04T18:42:35.859Z","level":"info","message":"GET /energy/current 200 3ms","data":{"method":"GET","path":"/energy/current","status":200,"duration":3,"ip":"::1"}}
{"timestamp":"2026-07-04T18:42:35.896Z","level":"info","message":"GET /balance/snapshot 200 2ms","data":{"method":"GET","path":"/balance/snapshot","status":200,"duration":2,"ip":"::1"}}
{"timestamp":"2026-07-04T18:42:35.932Z","level":"info","message":"GET /memory/stats 200 1ms","data":{"method":"GET","path":"/memory/stats","status":200,"duration":1,"ip":"::1"}}
{"timestamp":"2026-07-04T18:42:35.968Z","level":"info","message":"GET /social/graph 200 1ms","data":{"method":"GET","path":"/social/graph","status":200,"duration":1,"ip":"::1"}}
{"timestamp":"2026-07-04T18:42:36.008Z","level":"info","message":"GET /health 200 1ms","data":{"method":"GET","path":"/health","status":200,"duration":1,"ip":"::1"}}
{"timestamp":"2026-07-04T18:42:36.060Z","level":"info","message":"GET /metrics 200 2ms","data":{"method":"GET","path":"/metrics","status":200,"duration":2,"ip":"::1"}}
{"timestamp":"2026-07-04T18:45:18.948Z","level":"info","message":"POST /send 200 14ms","data":{"method":"POST","path":"/send","status":200,"duration":14,"ip":"::1"}}
{"timestamp":"2026-07-04T18:45:19.027Z","level":"info","message":"POST /send 200 5ms","data":{"method":"POST","path":"/send","status":200,"duration":5,"ip":"::1"}}
{"timestamp":"2026-07-04T18:45:19.080Z","level":"info","message":"POST /send 200 5ms","data":{"method":"POST","path":"/send","status":200,"duration":5,"ip":"::1"}}
{"timestamp":"2026-07-04T18:46:27.896Z","level":"info","message":"POST /send 200 14ms","data":{"method":"POST","path":"/send","status":200,"duration":14,"ip":"::1"}}
{"timestamp":"2026-07-04T18:46:27.936Z","level":"info","message":"POST /send 200 4ms","data":{"method":"POST","path":"/send","status":200,"duration":4,"ip":"::1"}}
{"timestamp":"2026-07-04T18:46:27.988Z","level":"info","message":"POST /send 200 9ms","data":{"method":"POST","path":"/send","status":200,"duration":9,"ip":"::1"}}
{"timestamp":"2026-07-04T18:46:28.023Z","level":"info","message":"POST /send 200 5ms","data":{"method":"POST","path":"/send","status":200,"duration":5,"ip":"::1"}}
{"timestamp":"2026-07-04T18:47:08.345Z","level":"info","message":"POST /send 200 19ms","data":{"method":"POST","path":"/send","status":200,"duration":19,"ip":"::1"}}
{"timestamp":"2026-07-04T18:47:08.403Z","level":"info","message":"POST /send 200 11ms","data":{"method":"POST","path":"/send","status":200,"duration":11,"ip":"::1"}}
{"timestamp":"2026-07-04T18:47:52.021Z","level":"info","message":"POST /send 200 17ms","data":{"method":"POST","path":"/send","status":200,"duration":17,"ip":"::1"}}
{"timestamp":"2026-07-04T18:47:52.073Z","level":"info","message":"POST /send 200 6ms","data":{"method":"POST","path":"/send","status":200,"duration":6,"ip":"::1"}}
{"timestamp":"2026-07-04T18:47:52.134Z","level":"info","message":"POST /send 200 14ms","data":{"method":"POST","path":"/send","status":200,"duration":14,"ip":"::1"}}
{"timestamp":"2026-07-04T18:47:52.179Z","level":"info","message":"POST /send 200 8ms","data":{"method":"POST","path":"/send","status":200,"duration":8,"ip":"::1"}}
{"timestamp":"2026-07-04T19:06:55.109Z","level":"info","message":"GET /api/dashboard 200 9ms","data":{"method":"GET","path":"/api/dashboard","status":200,"duration":9,"ip":"::1"}}
{"timestamp":"2026-07-04T19:06:55.151Z","level":"info","message":"POST /signin 200 2ms","data":{"method":"POST","path":"/signin","status":200,"duration":2,"ip":"::1"}}
{"timestamp":"2026-07-04T19:06:55.241Z","level":"info","message":"POST / 200 4ms","data":{"method":"POST","path":"/","status":200,"duration":4,"ip":"::1"}}
{"timestamp":"2026-07-04T19:06:55.278Z","level":"info","message":"POST / 200 3ms","data":{"method":"POST","path":"/","status":200,"duration":3,"ip":"::1"}}
{"timestamp":"2026-07-04T19:06:55.368Z","level":"info","message":"GET /heatmap 200 2ms","data":{"method":"GET","path":"/heatmap","status":200,"duration":2,"ip":"::1"}}
{"timestamp":"2026-07-04T19:06:55.426Z","level":"info","message":"POST /generate-daily 200 8ms","data":{"method":"POST","path":"/generate-daily","status":200,"duration":8,"ip":"::1"}}
{"timestamp":"2026-07-04T19:06:55.470Z","level":"info","message":"GET / 200 2ms","data":{"method":"GET","path":"/","status":200,"duration":2,"ip":"::1"}}
{"timestamp":"2026-07-04T19:06:55.533Z","level":"info","message":"POST /d28aaf2b-3e81-4633-8eab-e0f092777d1c/complete 200 4ms","data":{"method":"POST","path":"/d28aaf2b-3e81-4633-8eab-e0f092777d1c/complete","status":200,"duration":4,"ip":"::1"}}
{"timestamp":"2026-07-04T19:06:55.590Z","level":"info","message":"POST /send 200 10ms","data":{"method":"POST","path":"/send","status":200,"duration":10,"ip":"::1"}}
{"timestamp":"2026-07-04T19:06:55.641Z","level":"info","message":"POST /send 200 9ms","data":{"method":"POST","path":"/send","status":200,"duration":9,"ip":"::1"}}
{"timestamp":"2026-07-04T19:06:55.684Z","level":"info","message":"POST /send 200 5ms","data":{"method":"POST","path":"/send","status":200,"duration":5,"ip":"::1"}}
{"timestamp":"2026-07-04T19:06:55.728Z","level":"info","message":"POST / 200 1ms","data":{"method":"POST","path":"/","status":200,"duration":1,"ip":"::1"}}
{"timestamp":"2026-07-04T19:06:55.777Z","level":"info","message":"GET / 200 2ms","data":{"method":"GET","path":"/","status":200,"duration":2,"ip":"::1"}}
{"timestamp":"2026-07-04T19:06:55.829Z","level":"info","message":"POST / 200 1ms","data":{"method":"POST","path":"/","status":200,"duration":1,"ip":"::1"}}
{"timestamp":"2026-07-04T19:06:55.891Z","level":"info","message":"GET /achievements 200 2ms","data":{"method":"GET","path":"/achievements","status":200,"duration":2,"ip":"::1"}}
{"timestamp":"2026-07-04T19:06:55.950Z","level":"info","message":"GET /items 200 2ms","data":{"method":"GET","path":"/items","status":200,"duration":2,"ip":"::1"}}
{"timestamp":"2026-07-04T19:06:55.999Z","level":"info","message":"GET /neural/matrix 200 2ms","data":{"method":"GET","path":"/neural/matrix","status":200,"duration":2,"ip":"::1"}}
{"timestamp":"2026-07-04T19:06:56.059Z","level":"info","message":"GET /energy/current 200 3ms","data":{"method":"GET","path":"/energy/current","status":200,"duration":3,"ip":"::1"}}
{"timestamp":"2026-07-04T19:06:56.109Z","level":"info","message":"GET /balance/snapshot 200 3ms","data":{"method":"GET","path":"/balance/snapshot","status":200,"duration":3,"ip":"::1"}}
{"timestamp":"2026-07-04T19:06:56.198Z","level":"info","message":"GET /neural/cycles 200 2ms","data":{"method":"GET","path":"/neural/cycles","status":200,"duration":2,"ip":"::1"}}
{"timestamp":"2026-07-04T19:06:56.245Z","level":"info","message":"GET /gamification/cat-form 200 2ms","data":{"method":"GET","path":"/gamification/cat-form","status":200,"duration":2,"ip":"::1"}}
{"timestamp":"2026-07-04T19:06:56.301Z","level":"info","message":"GET /gamification/titles 200 3ms","data":{"method":"GET","path":"/gamification/titles","status":200,"duration":3,"ip":"::1"}}
{"timestamp":"2026-07-04T19:06:56.355Z","level":"info","message":"GET /gamification/quests 200 2ms","data":{"method":"GET","path":"/gamification/quests","status":200,"duration":2,"ip":"::1"}}
{"timestamp":"2026-07-04T19:06:56.403Z","level":"info","message":"GET /memory/stats 200 1ms","data":{"method":"GET","path":"/memory/stats","status":200,"duration":1,"ip":"::1"}}
{"timestamp":"2026-07-04T19:06:56.451Z","level":"info","message":"GET /memory/context 200 2ms","data":{"method":"GET","path":"/memory/context","status":200,"duration":2,"ip":"::1"}}
{"timestamp":"2026-07-04T19:06:56.507Z","level":"info","message":"GET /social/graph 200 1ms","data":{"method":"GET","path":"/social/graph","status":200,"duration":1,"ip":"::1"}}
{"timestamp":"2026-07-04T19:06:56.561Z","level":"info","message":"GET /social/insights 200 2ms","data":{"method":"GET","path":"/social/insights","status":200,"duration":2,"ip":"::1"}}
{"timestamp":"2026-07-04T19:06:56.611Z","level":"info","message":"GET /decisions/history 200 1ms","data":{"method":"GET","path":"/decisions/history","status":200,"duration":1,"ip":"::1"}}
{"timestamp":"2026-07-04T19:06:56.658Z","level":"info","message":"GET /lifecycle/stage 200 2ms","data":{"method":"GET","path":"/lifecycle/stage","status":200,"duration":2,"ip":"::1"}}
{"timestamp":"2026-07-04T19:06:56.708Z","level":"info","message":"GET /personality/evolution 200 2ms","data":{"method":"GET","path":"/personality/evolution","status":200,"duration":2,"ip":"::1"}}
{"timestamp":"2026-07-04T19:06:56.762Z","level":"info","message":"GET /notifications/stats 200 2ms","data":{"method":"GET","path":"/notifications/stats","status":200,"duration":2,"ip":"::1"}}
{"timestamp":"2026-07-04T19:06:56.807Z","level":"info","message":"GET /habit-stacking/list 200 1ms","data":{"method":"GET","path":"/habit-stacking/list","status":200,"duration":1,"ip":"::1"}}
{"timestamp":"2026-07-04T19:06:56.853Z","level":"info","message":"GET /energy/curve 200 2ms","data":{"method":"GET","path":"/energy/curve","status":200,"duration":2,"ip":"::1"}}
{"timestamp":"2026-07-04T19:06:56.899Z","level":"info","message":"GET /balance/trend 200 1ms","data":{"method":"GET","path":"/balance/trend","status":200,"duration":1,"ip":"::1"}}
{"timestamp":"2026-07-04T19:06:56.948Z","level":"info","message":"GET /data-quality/conflicts 200 1ms","data":{"method":"GET","path":"/data-quality/conflicts","status":200,"duration":1,"ip":"::1"}}
{"timestamp":"2026-07-04T19:06:56.995Z","level":"info","message":"GET /health 200 1ms","data":{"method":"GET","path":"/health","status":200,"duration":1,"ip":"::1"}}
{"timestamp":"2026-07-04T19:06:57.058Z","level":"info","message":"GET /metrics 200 2ms","data":{"method":"GET","path":"/metrics","status":200,"duration":2,"ip":"::1"}}
